<?xml version="1.0" encoding="UTF-8"?>
<!-- Generated by org.testng.reporters.JUnitReportReporter -->
<testsuite hostname="Ajmal" failures="0" tests="3" name="testnglearning.DependanciesManagement" time="0.009" errors="0" timestamp="2024-10-10T01:34:54 IST" skipped="0">
  <testcase classname="testnglearning.DependanciesManagement" name="highschool" time="0.006"/>
  <testcase classname="testnglearning.DependanciesManagement" name="engineering" time="0.002"/>
  <testcase classname="testnglearning.DependanciesManagement" name="higherSecondary" time="0.001"/>
</testsuite> <!-- testnglearning.DependanciesManagement -->
