<?xml version="1.0" encoding="UTF-8"?>
<!-- Generated by org.testng.reporters.JUnitReportReporter -->
<testsuite hostname="Ajmal" failures="0" tests="5" name="test_ng_learning.DriveACar" time="0.013" errors="0" timestamp="2024-10-09T23:22:55 IST" skipped="0">
  <testcase classname="test_ng_learning.DriveACar" name="StartTheCar" time="0.008"/>
  <testcase classname="test_ng_learning.DriveACar" name="putTheFirstGear" time="0.001"/>
  <testcase classname="test_ng_learning.DriveACar" name="putTheSecondtGear" time="0.002"/>
  <testcase classname="test_ng_learning.DriveACar" name="putTheThirdGear" time="0.001"/>
  <testcase classname="test_ng_learning.DriveACar" name="putTheFourthGear" time="0.001"/>
</testsuite> <!-- test_ng_learning.DriveACar -->
