<?xml version="1.0" encoding="UTF-8"?>
<!-- Generated by org.testng.reporters.JUnitReportReporter -->
<testsuite hostname="Ajmal" failures="0" tests="3" name="test_ng_learning.DependanciesManagement" time="0.009" errors="0" timestamp="2024-10-09T23:47:31 IST" skipped="0">
  <testcase classname="test_ng_learning.DependanciesManagement" name="higherSecondary" time="0.001"/>
  <testcase classname="test_ng_learning.DependanciesManagement" name="highschool" time="0.007"/>
  <testcase classname="test_ng_learning.DependanciesManagement" name="engineering" time="0.001"/>
</testsuite> <!-- test_ng_learning.DependanciesManagement -->
