<?xml version="1.0" encoding="UTF-8"?>
<!-- Generated by org.testng.reporters.JUnitReportReporter -->
<testsuite hostname="Ajmal" failures="0" tests="2" name="testnglearning.SampleTestcase" time="0.010" errors="0" timestamp="2024-10-09T00:29:22 IST" skipped="0">
  <testcase classname="testnglearning.SampleTestcase" name="secondTestCase" time="0.002"/>
  <testcase classname="testnglearning.SampleTestcase" name="firstTestCase" time="0.008"/>
</testsuite> <!-- testnglearning.SampleTestcase -->
