<?xml version="1.0" encoding="UTF-8"?>
<!-- Generated by org.testng.reporters.JUnitReportReporter -->
<testsuite hostname="Ajmal" failures="0" tests="3" name="test_ng_learning.SuiteExample" time="8.324" errors="0" timestamp="2024-10-10T00:21:59 IST" skipped="0">
  <testcase classname="test_ng_learning.SuiteExample" name="OpenGoogle" time="2.831"/>
  <testcase classname="test_ng_learning.SuiteExample" name="OpenInstagram" time="2.415"/>
  <testcase classname="test_ng_learning.SuiteExample" name="OpenYoutube" time="3.078"/>
</testsuite> <!-- test_ng_learning.SuiteExample -->
