<?xml version="1.0" encoding="UTF-8"?>
<!-- Generated by org.testng.reporters.JUnitReportReporter -->
<testsuite hostname="Ajmal" failures="0" tests="3" name="test_ng_learning.SuiteExampleAutomate" time="5.350" errors="0" timestamp="2024-10-10T00:36:57 IST" skipped="0">
  <testcase classname="test_ng_learning.SuiteExampleAutomate" name="OpenInstagram" time="1.481"/>
  <testcase classname="test_ng_learning.SuiteExampleAutomate" name="OpenGoogle" time="1.385"/>
  <testcase classname="test_ng_learning.SuiteExampleAutomate" name="OpenYoutube" time="2.484"/>
</testsuite> <!-- test_ng_learning.SuiteExampleAutomate -->
