<?xml version="1.0" encoding="UTF-8"?>
<!-- Generated by org.testng.reporters.JUnitReportReporter -->
<testsuite hostname="Ajmal" failures="0" tests="3" name="testnglearning.SuiteExampleManual" time="8.132" errors="0" timestamp="2024-10-10T01:34:54 IST" skipped="0">
  <testcase classname="testnglearning.SuiteExampleManual" name="OpenInstagram" time="1.887"/>
  <testcase classname="testnglearning.SuiteExampleManual" name="OpenGoogle" time="2.381"/>
  <testcase classname="testnglearning.SuiteExampleManual" name="OpenYoutube" time="3.864"/>
</testsuite> <!-- testnglearning.SuiteExampleManual -->
