<?xml version="1.0" encoding="UTF-8"?>
<!-- Generated by org.testng.reporters.JUnitReportReporter -->
<testsuite hostname="Ajmal" failures="0" tests="1" name="testngsample.SampleTestNg" time="2.918" errors="0" timestamp="2024-10-09T00:13:01 IST" skipped="0">
  <testcase classname="testngsample.SampleTestNg" name="TestNg" time="2.918"/>
</testsuite> <!-- testngsample.SampleTestNg -->
