<?xml version="1.0" encoding="UTF-8"?>
<!-- Generated by org.testng.reporters.JUnitReportReporter -->
<testsuite hostname="Ajmal" failures="0" tests="6" name="test_ng_learning.SkipATestCase" time="0.021" errors="0" timestamp="2024-10-09T23:28:30 IST" skipped="1">
  <testcase classname="test_ng_learning.SkipATestCase" name="StartTheCar" time="0.008"/>
  <testcase classname="test_ng_learning.SkipATestCase" name="putTheFirstGear" time="0.003"/>
  <testcase classname="test_ng_learning.SkipATestCase" name="putTheSecondtGear" time="0.002"/>
  <testcase classname="test_ng_learning.SkipATestCase" name="putTheThirdGear" time="0.003"/>
  <testcase classname="test_ng_learning.SkipATestCase" name="putTheFourthGear" time="0.005"/>
  <testcase classname="test_ng_learning.SkipATestCase" name="turnTheMusicOn">
    <skipped/>
  </testcase> <!-- turnTheMusicOn -->
</testsuite> <!-- test_ng_learning.SkipATestCase -->
