<?xml version="1.0" encoding="UTF-8"?>
<!-- Generated by org.testng.reporters.JUnitReportReporter -->
<testsuite hostname="Ajmal" failures="0" tests="6" name="testnglearning.SkipATestCase" time="0.007" errors="0" timestamp="2024-10-10T01:34:54 IST" skipped="1">
  <testcase classname="testnglearning.SkipATestCase" name="StartTheCar" time="0.001"/>
  <testcase classname="testnglearning.SkipATestCase" name="putTheFirstGear" time="0.002"/>
  <testcase classname="testnglearning.SkipATestCase" name="putTheSecondtGear" time="0.000"/>
  <testcase classname="testnglearning.SkipATestCase" name="putTheThirdGear" time="0.002"/>
  <testcase classname="testnglearning.SkipATestCase" name="putTheFourthGear" time="0.002"/>
  <testcase classname="testnglearning.SkipATestCase" name="turnTheMusicOn">
    <skipped/>
  </testcase> <!-- turnTheMusicOn -->
</testsuite> <!-- testnglearning.SkipATestCase -->
