<?xml version="1.0" encoding="UTF-8"?>
<!-- Generated by org.testng.reporters.JUnitReportReporter -->
<testsuite hostname="Ajmal" failures="0" tests="3" name="test_ng_learning.SuiteExampleManual" time="8.296" errors="0" timestamp="2024-10-10T00:35:44 IST" skipped="0">
  <testcase classname="test_ng_learning.SuiteExampleManual" name="OpenGoogle" time="2.516"/>
  <testcase classname="test_ng_learning.SuiteExampleManual" name="OpenYoutube" time="3.449"/>
  <testcase classname="test_ng_learning.SuiteExampleManual" name="OpenInstagram" time="2.331"/>
</testsuite> <!-- test_ng_learning.SuiteExampleManual -->
